[2021-11-04 22:31:36] - [error]: Identifier 'module' has al[2021-11-04 22:31:38] - [shard]: [Shard 0] Shard Ready!
e/achievement.js:7
module.exports = new Command({
^

SyntaxError: Identifier 'module' has already been declared
    at wrapSafe (internal/modules/cjs/loader.js:1001:16)
    at Module._compile (internal/modules/cjs/loader.js:1049:27)
    at Object.Module._extensions..js (internal/modules/cjs/loader.js:1114:10)
    at Module.load (internal/modules/cjs/loader.js:950:32)
    at Function.Module._load (internal/modules/cjs/loader.js:790:12)
    at Module.require (internal/modules/cjs/loader.js:974:19)
    at require (internal/modules/cjs/helpers.js:93:18)
    at /app/bot/Client.js:333:25
    at Array.forEach (<anonymous>)
    at HurricanoClient.loadCommands (/app/bot/Client.js:327:35)
    at init (/app/bot/handlers/index.js:27:10)
    at Object.<anonymous> (/app/bot/handlers/index.js:34:1)
    at Module._compile (internal/modules/cjs/loader.js:1085:14)
    at Object.Module._extensions..js (internal/modules/cjs/loader.js:1114:10)
    at Module.load (internal/modules/cjs/loader.js:950:32)
    at Function.Module._load (internal/modules/cjs/loader.js:790:12)"
}
[2021-11-04 22:31:36] - [client]: 
.---------------------------------------------------------------------------------------------------------------------------.
|                                                         Commands                                                          |
|---------------------------------------------------------------------------------------------------------------------------|
|     Command File     |   Command Name    | Command Category |                    Aliases                    | Load status |
|----------------------|-------------------|------------------|-----------------------------------------------|-------------|
| database.js          | database          | config           | db                                            | Loaded!     |
| disable.js           | disable           | config           | None.                                         | Loaded!     |
| enable.js            | enable            | config           | None.                                         | Loaded!     |
| msglogs.js           | msglogs           | config           | messagelogs, messagelog                       | Loaded!     |
| muterole.js          | muterole          | config           | setmuterole                                   | Loaded!     |
| prefix.js            | prefix            | config           | sp, setp                                      | Loaded!     |
| serverlog.js         | serverlog         | config           | serverlogs, setserverlog, setserverlogchannel | Loaded!     |
| setautorole.js       | setautorole       | config           | autorole                                      | Loaded!     |
| setmemberlog.js      | setmemberlog      | config           | setmemberlogchannel, smemberlog               | Loaded!     |
| setsystemchannel.js  | setsystemchannel  | config           | setsystemch                                   | Loaded!     |
| settings.js          | settings          | config           | None.                                         | Loaded!     |
| spamdetection.js     | spamdetection     | config           | spamd, antispam                               | Loaded!     |
| starboard.js         | starboard         | config           | None.                                         | Loaded!     |
| wordblacklist.js     | wordblacklist     | config           | wbl                                           | Loaded!     |
| balance.js           | balance           | economy          | bal, coins, money                             | Loaded!     |
| deposit.js           | deposit           | economy          | dep                                           | Loaded!     |
| roulette.js          | roulette          | economy          | roul                                          | Loaded!     |
| search.js            | scout             | economy          | find                                          | Loaded!     |
| slots.js             | slots             | economy          | slotmachine                                   | Loaded!     |
| withdraw.js          | withdraw          | economy          | with                                          | Loaded!     |
| 8ball.js             | 8ball             | fun              | None.                                         | Loaded!     |
| advice.js            | advice            | fun              | None.                                         | Loaded!     |
| battle.js            | battle            | fun              | fight                                         | Loaded!     |
| calculator.js        | calculator        | fun              | None.                                         | Loaded!     |
| catfact.js           | catfact           | fun              | None.                                         | Loaded!     |
| connect4.js          | connect4          | fun              | c4, connectfour                               | Loaded!     |
| cringerate.js        | cringerate        | fun              | cringer8                                      | Loaded!     |
| dankrate.js          | dankrate          | fun              | dankr8, howdank                               | Loaded!     |
| eject.js             | eject             | fun              | None.                                         | Loaded!     |
| emojify.js           | emojify           | fun              | emjfy                                         | Loaded!     |
| fox.js               | fox               | fun              | None.                                         | Loaded!     |
| hangman.js           | hangman           | fun              | hangm                                         | Loaded!     |
| howgay.js            | howgay            | fun              | gayrate                                       | Loaded!     |
| kill.js              | kill              | fun              | None.                                         | Loaded!     |
| meme.js              | meme              | fun              | None.                                         | Loaded!     |
| minesweeper.js       | minesweeper       | fun              | mines                                         | Loaded!     |
| pp.js                | pp                | fun              | None.                                         | Loaded!     |
| rps.js               | rps               | fun              | rockpaperscissors                             | Loaded!     |
| snake.js             | snake             | fun              | snek                                          | Loaded!     |
| snipe.js             | snipe             | fun              | None.                                         | Loaded!     |
| trump.js             | trump             | fun              | trumpquote                                    | Loaded!     |
| unscramble.js        | unscramble        | fun              | guessword                                     | Loaded!     |
| gend.js              | gend              | giveaways        | , giveawayend, g-end, g-end, gfinish          | Loaded!     |
| glist.js             | glist             | giveaways        | None.                                         | Loaded!     |
| gstart.js            | gstart            | giveaways        | gs, giveawaystart, g-start, giveaway, gcreate | Loaded!     |
| Clyde.js             | clyde             | image            | None.                                         | Loaded!     |
| avatar.js            | avatar            | information      | profilepic, pic, ava, pfp                     | Loaded!     |
| botinfo.js           | botinfo           | information      | info, bi                                      | Loaded!     |
| docs.js              | docs              | information      | None.                                         | Loaded!     |
| help.js              | help              | information      | cmd, commands, h                              | Loaded!     |
| invite.js            | links             | information      | invite, inv, vote                             | Loaded!     |
| joinposition.js      | joinposition      | information      | joinp                                         | Loaded!     |
| ping.js              | ping              | information      | latency, pong                                 | Loaded!     |
| serverinfo.js        | serverinfo        | information      | serveri, si, guildinfo, gi                    | Loaded!     |
| test.js              | test              | information      | None.                                         | Loaded!     |
| rank.js              | rank              | levelling        | None.                                         | Loaded!     |
| addemoji.js          | addemoji          | moderation       | None.                                         | Loaded!     |
| ban.js               | ban               | moderation       | None.                                         | Loaded!     |
| decancer.js          | decancer          | moderation       | None.                                         | Loaded!     |
| kick.js              | kick              | moderation       | None.                                         | Loaded!     |
| lock.js              | lock              | moderation       | None.                                         | Loaded!     |
| nickname.js          | nickname          | moderation       | None.                                         | Loaded!     |
| nuke.js              | nuke              | moderation       | None.                                         | Loaded!     |
| purge.js             | purge             | moderation       | None.                                         | Loaded!     |
| slowmode.js          | slowmode          | moderation       | None.                                         | Loaded!     |
| unlock.js            | unlock            | moderation       | None.                                         | Loaded!     |
| filters.js           | filters           | music            | filter                                        | Loaded!     |
| lyrics.js            | lyrics            | music            | ly                                            | Loaded!     |
| play.js              | play              | music            | p                                             | Loaded!     |
| search.js            | search            | music            | None.                                         | Loaded!     |
| skip.js              | skip              | music            | sk                                            | Loaded!     |
| stop.js              | stop              | music            | dc                                            | Loaded!     |
| volume.js            | volume            | music            | None.                                         | Loaded!     |
| blacklist.js         | blacklist         | owner            | None.                                         | Loaded!     |
| eval.js              | eval              | owner            | None.                                         | Loaded!     |
| exec.js              | exec              | owner            | None.                                         | Loaded!     |
| fulleval.js          | fulleval          | owner            | None.                                         | Loaded!     |
| leaveguild.js        | leaveguild        | owner            | None.                                         | Loaded!     |
| pull.js              | pull              | owner            | None.                                         | Loaded!     |
| reboot.js            | reboot            | owner            | None.                                         | Loaded!     |
| reload.js            | reload            | owner            | None.                                         | Loaded!     |
| shutdown.js          | shutdown          | owner            | None.                                         | Loaded!     |
| unblacklist.js       | unblacklist       | owner            | None.                                         | Loaded!     |
| accept.js            | accept            | suggestions      | None.                                         | Loaded!     |
| deny.js              | deny              | suggestions      | None.                                         | Loaded!     |
| suggestionchannel.js | suggestionchannel | suggestions      | suggestionschannel                            | Loaded!     |
| afk.js               | afk               | utility          | None.                                         | Loaded!     |
| birthdaycheck.js     | birthdate         | utility          | checkbirthday, checkbday, birthdaycheck       | Loaded!     |
| birthdayset.js       | birthdayset       | utility          | setbirthday, setbday                          | Loaded!     |
| github.js            | github            | utility          | github, gh                                    | Loaded!     |
| randomword.js        | randomword        | utility          | rw                                            | Loaded!     |
| suggest.js           | suggest           | utility          | None.                                         | Loaded!     |
| tag.js               | tag               | utility          | None.                                         | Loaded!     |
| urbandictionary.js   | urbandictionary   | utility          | urband, urbandict                             | Loaded!     |
'---------------------------------------------------------------------------------------------------------------------------'
[2021-11-04 22:31:36] - [info]: Provided token: ODk0MzE4Mjc3ODQzNjE1ODE0.YVoQzQ.***************************
[2021-11-04 22:31:36] - [info]: Preparing to connect to the gateway...
[2021-11-04 22:31:37] - [info]: [WS => Manager] Fetched Gateway Information
    URL: wss://gateway.discord.gg
    Recommended Shards: 1
[2021-11-04 22:31:37] - [info]: [WS => Manager] Session Limit Information
    Total: 1000
    Remaining: 999
[2021-11-04 22:31:37] - [info]: [WS => Manager] Spawning shards: 0
[2021-11-04 22:31:37] - [info]: [WS => Shard 0] [CONNECT]
    Gateway    : wss://gateway.discord.gg/
    Version    : 9
    Encoding   : json
    Compression: none
[2021-11-04 22:31:37] - [info]: [WS => Shard 0] Setting a HELLO timeout for 20s.
[2021-11-04 22:31:38] - [info]: [WS => Shard 0] [CONNECTED] wss://gateway.discord.gg/?v=9&encoding=json in 690ms
[2021-11-04 22:31:38] - [info]: [WS => Shard 0] Clearing the HELLO timeout.
[2021-11-04 22:31:38] - [info]: [WS => Shard 0] Setting a heartbeat interval for 41250ms.
[2021-11-04 22:31:38] - [info]: [WS => Shard 0] [IDENTIFY] Shard 0/1 with intents: 1923
[2021-11-04 22:31:38] - [info]: [WS => Shard 0] [READY] Session a4cb7d24bbd698c5b230f6da7c83aa3f.
[2021-11-04 22:31:38] - [info]: [WS => Shard 0] [ReadyHeartbeat] Sending a heartbeat.
[2021-11-04 22:31:38] - [db]: Connected to MongoDB!
[2021-11-04 22:31:38] - [info]: [WS => Shard 0] Shard received all its guilds. Marking as fully ready.
[2021-11-04 22:31:39] - [info]: [WS => Shard 0] Heartbeat acknowledged, latency of 699ms.
[2021-11-04 22:31:39] - [client]: Dark Giveaway [Developer]#3059 Successfully Logged in!
[2021-11-04 22:32:19] - [info]: [WS => Shard 0] [HeartbeatTimer] Sending a heartbeat.
[2021-11-04 22:32:19] - [info]: [WS => Shard 0] Heartbeat acknowledged, latency of 40ms.
[2021-11-04 22:33:00] - [info]: [WS => Shard 0] [HeartbeatTimer] Sending a heartbeat.
[2021-11-04 22:33:00] - [info]: [WS => Shard 0] Heartbeat acknowledged, latency of 21ms.
[2021-11-04 22:33:41] - [info]: [WS => Shard 0] [HeartbeatTimer] Sending a heartbeat.
[2021-11-04 22:33:42] - [info]: [WS => Shard 0] Heartbeat acknowledged, latency of 21ms.
[2021-11-04 22:33:58] - [warn]: message.member.hasPermission is not a function
{
  "stack": "TypeError: message.member.hasPermission is not a function
    at Command.run (/app/bot/commands/giveaways/gend.js:9:23)
    at MessageEvent.run (/app/bot/events/bot/message.js:433:21)
    at runMicrotasks (<anonymous>)
    at processTicksAndRejections (internal/process/task_queues.js:95:5)"
}
[2021-11-04 22:34:16] - [warn]: message.member.hasPermission is not a function
{
  "stack": "TypeError: message.member.hasPermission is not a function
    at Command.run (/app/bot/commands/giveaways/gend.js:9:23)
    at MessageEvent.run (/app/bot/events/bot/message.js:433:21)
    at runMicrotasks (<anonymous>)
    at processTicksAndRejections (internal/process/task_queues.js:95:5)"
}
[2021-11-04 22:34:22] - [warn]: message.member.hasPermission is not a function
{
  "stack": "TypeError: message.member.hasPermission is not a function
    at Command.run (/app/bot/commands/giveaways/gend.js:9:23)
    at MessageEvent.run (/app/bot/events/bot/message.js:433:21)
    at runMicrotasks (<anonymous>)
    at processTicksAndRejections (internal/process/task_queues.js:95:5)"
}
[2021-11-04 22:34:23] - [info]: [WS => Shard 0] [HeartbeatTimer] Sending a heartbeat.
[2021-11-04 22:34:23] - [info]: [WS => Shard 0] Heartbeat acknowledged, latency of 15ms.
[2021-11-04 22:35:04] - [info]: [WS => Shard 0] [HeartbeatTimer] Sending a heartbeat.
[2021-11-04 22:35:04] - [info]: [WS => Shard 0] Heartbeat acknowledged, latency of 37ms.
[2021-11-04 22:35:45] - [info]: [WS => Shard 0] [HeartbeatTimer] Sending a heartbeat.
[2021-11-04 22:35:45] - [info]: [WS => Shard 0] Heartbeat acknowledged, latency of 17ms.
[2021-11-04 22:36:26] - [info]: [WS => Shard 0] [HeartbeatTimer] Sending a heartbeat.
[2021-11-04 22:36:27] - [info]: [WS => Shard 0] Heartbeat acknowledged, latency of 26ms.
[2021-11-04 22:37:08] - [info]: [WS => Shard 0] [HeartbeatTimer] Sending a heartbeat.
[2021-11-04 22:37:08] - [info]: [WS => Shard 0] Heartbeat acknowledged, latency of 25ms.
[2021-11-04 22:37:49] - [info]: [WS => Shard 0] [HeartbeatTimer] Sending a heartbeat.
[2021-11-04 22:37:49] - [info]: [WS => Shard 0] Heartbeat acknowledged, latency of 16ms.
[2021-11-04 22:38:30] - [info]: [WS => Shard 0] [HeartbeatTimer] Sending a heartbeat.
[2021-11-04 22:38:30] - [info]: [WS => Shard 0] Heartbeat acknowledged, latency of 15ms.
